This file contains any messages produced by compilers while
running configure, to aid debugging if configure makes a mistake.

It was created by configure, which was
generated by GNU Autoconf 2.61.  Invocation command line was

  $ ./configure --prefix=/home/training/SMMBinary

## --------- ##
## Platform. ##
## --------- ##

hostname = training-vm
uname -m = i686
uname -r = 2.6.27-11-server
uname -s = Linux
uname -v = #1 SMP Thu Jan 29 20:19:41 UTC 2009

/usr/bin/uname -p = unknown
/bin/uname -X     = unknown

/bin/arch              = unknown
/usr/bin/arch -k       = unknown
/usr/convex/getsysinfo = unknown
/usr/bin/hostinfo      = unknown
/bin/machine           = unknown
/usr/bin/oslevel       = unknown
/bin/universe          = unknown

PATH: /usr/share/apache-ant-1.7.1/bin
PATH: /usr/lib/jvm/java-6-sun/bin
PATH: /home/training/bin
PATH: /usr/local/sbin
PATH: /usr/local/bin
PATH: /usr/sbin
PATH: /usr/bin
PATH: /sbin
PATH: /bin
PATH: /usr/games


## ----------- ##
## Core tests. ##
## ----------- ##

configure:1786: checking for a BSD-compatible install
configure:1842: result: /usr/bin/install -c
configure:1853: checking whether build environment is sane
configure:1896: result: yes
configure:1920: WARNING: `missing' script is too old or missing
configure:1924: checking for a thread-safe mkdir -p
configure:1963: result: /bin/mkdir -p
configure:1976: checking for gawk
configure:2006: result: no
configure:1976: checking for mawk
configure:1992: found /usr/bin/mawk
configure:2003: result: mawk
configure:2014: checking whether make sets $(MAKE)
configure:2035: result: yes
configure:2228: checking for bison
configure:2244: found /usr/local/bin/bison
configure:2255: result: bison -y
configure:2315: checking for gcc
configure:2331: found /usr/bin/gcc
configure:2342: result: gcc
configure:2580: checking for C compiler version
configure:2587: gcc --version >&5
gcc (Ubuntu 4.3.2-1ubuntu12) 4.3.2
Copyright (C) 2008 Free Software Foundation, Inc.
This is free software; see the source for copying conditions.  There is NO
warranty; not even for MERCHANTABILITY or FITNESS FOR A PARTICULAR PURPOSE.

configure:2590: $? = 0
configure:2597: gcc -v >&5
Using built-in specs.
Target: i486-linux-gnu
Configured with: ../src/configure -v --with-pkgversion='Ubuntu 4.3.2-1ubuntu12' --with-bugurl=file:///usr/share/doc/gcc-4.3/README.Bugs --enable-languages=c,c++,fortran,objc,obj-c++ --prefix=/usr --enable-shared --with-system-zlib --libexecdir=/usr/lib --without-included-gettext --enable-threads=posix --enable-nls --with-gxx-include-dir=/usr/include/c++/4.3 --program-suffix=-4.3 --enable-clocale=gnu --enable-libstdcxx-debug --enable-objc-gc --enable-mpfr --enable-targets=all --enable-checking=release --build=i486-linux-gnu --host=i486-linux-gnu --target=i486-linux-gnu
Thread model: posix
gcc version 4.3.2 (Ubuntu 4.3.2-1ubuntu12) 
configure:2600: $? = 0
configure:2607: gcc -V >&5
gcc: '-V' option must have argument
configure:2610: $? = 1
configure:2633: checking for C compiler default output file name
configure:2660: gcc    conftest.c  >&5
configure:2663: $? = 0
configure:2701: result: a.out
configure:2718: checking whether the C compiler works
configure:2728: ./a.out
configure:2731: $? = 0
configure:2748: result: yes
configure:2755: checking whether we are cross compiling
configure:2757: result: no
configure:2760: checking for suffix of executables
configure:2767: gcc -o conftest    conftest.c  >&5
configure:2770: $? = 0
configure:2794: result: 
configure:2800: checking for suffix of object files
configure:2826: gcc -c   conftest.c >&5
configure:2829: $? = 0
configure:2852: result: o
configure:2856: checking whether we are using the GNU C compiler
configure:2885: gcc -c   conftest.c >&5
configure:2891: $? = 0
configure:2908: result: yes
configure:2913: checking whether gcc accepts -g
configure:2943: gcc -c -g  conftest.c >&5
configure:2949: $? = 0
configure:3048: result: yes
configure:3065: checking for gcc option to accept ISO C89
configure:3139: gcc  -c -g -O2  conftest.c >&5
configure:3145: $? = 0
configure:3168: result: none needed
configure:3197: checking for style of include used by make
configure:3225: result: GNU
configure:3250: checking dependency style of gcc
configure:3341: result: gcc3
configure:3414: checking for g++
configure:3430: found /usr/bin/g++
configure:3441: result: g++
configure:3472: checking for C++ compiler version
configure:3479: g++ --version >&5
g++ (Ubuntu 4.3.2-1ubuntu12) 4.3.2
Copyright (C) 2008 Free Software Foundation, Inc.
This is free software; see the source for copying conditions.  There is NO
warranty; not even for MERCHANTABILITY or FITNESS FOR A PARTICULAR PURPOSE.

configure:3482: $? = 0
configure:3489: g++ -v >&5
Using built-in specs.
Target: i486-linux-gnu
Configured with: ../src/configure -v --with-pkgversion='Ubuntu 4.3.2-1ubuntu12' --with-bugurl=file:///usr/share/doc/gcc-4.3/README.Bugs --enable-languages=c,c++,fortran,objc,obj-c++ --prefix=/usr --enable-shared --with-system-zlib --libexecdir=/usr/lib --without-included-gettext --enable-threads=posix --enable-nls --with-gxx-include-dir=/usr/include/c++/4.3 --program-suffix=-4.3 --enable-clocale=gnu --enable-libstdcxx-debug --enable-objc-gc --enable-mpfr --enable-targets=all --enable-checking=release --build=i486-linux-gnu --host=i486-linux-gnu --target=i486-linux-gnu
Thread model: posix
gcc version 4.3.2 (Ubuntu 4.3.2-1ubuntu12) 
configure:3492: $? = 0
configure:3499: g++ -V >&5
g++: '-V' option must have argument
configure:3502: $? = 1
configure:3505: checking whether we are using the GNU C++ compiler
configure:3534: g++ -c   conftest.cpp >&5
configure:3540: $? = 0
configure:3557: result: yes
configure:3562: checking whether g++ accepts -g
configure:3592: g++ -c -g  conftest.cpp >&5
configure:3598: $? = 0
configure:3697: result: yes
configure:3722: checking dependency style of g++
configure:3813: result: gcc3
configure:3833: checking how to run the C preprocessor
configure:3873: gcc -E  conftest.c
configure:3879: $? = 0
configure:3910: gcc -E  conftest.c
conftest.c:10:28: error: ac_nonexistent.h: No such file or directory
configure:3916: $? = 1
configure: failed program was:
| /* confdefs.h.  */
| #define PACKAGE_NAME ""
| #define PACKAGE_TARNAME ""
| #define PACKAGE_VERSION ""
| #define PACKAGE_STRING ""
| #define PACKAGE_BUGREPORT ""
| #define PACKAGE "adl"
| #define VERSION "0.5"
| /* end confdefs.h.  */
| #include <ac_nonexistent.h>
configure:3949: result: gcc -E
configure:3978: gcc -E  conftest.c
configure:3984: $? = 0
configure:4015: gcc -E  conftest.c
conftest.c:10:28: error: ac_nonexistent.h: No such file or directory
configure:4021: $? = 1
configure: failed program was:
| /* confdefs.h.  */
| #define PACKAGE_NAME ""
| #define PACKAGE_TARNAME ""
| #define PACKAGE_VERSION ""
| #define PACKAGE_STRING ""
| #define PACKAGE_BUGREPORT ""
| #define PACKAGE "adl"
| #define VERSION "0.5"
| /* end confdefs.h.  */
| #include <ac_nonexistent.h>
configure:4071: checking for a BSD-compatible install
configure:4127: result: /usr/bin/install -c
configure:4138: checking whether ln -s works
configure:4142: result: yes
configure:4149: checking whether make sets $(MAKE)
configure:4170: result: yes
configure:4222: checking for ranlib
configure:4238: found /usr/bin/ranlib
configure:4249: result: ranlib
configure:4278: checking for dlopen in -ldl
configure:4313: gcc -o conftest -g -O2   conftest.c -ldl   >&5
configure:4319: $? = 0
configure:4337: result: yes
configure:4349: checking for main in -lhistory
configure:4378: gcc -o conftest -g -O2   conftest.c -lhistory  -ldl  >&5
/usr/bin/ld: cannot find -lhistory
collect2: ld returned 1 exit status
configure:4384: $? = 1
configure: failed program was:
| /* confdefs.h.  */
| #define PACKAGE_NAME ""
| #define PACKAGE_TARNAME ""
| #define PACKAGE_VERSION ""
| #define PACKAGE_STRING ""
| #define PACKAGE_BUGREPORT ""
| #define PACKAGE "adl"
| #define VERSION "0.5"
| #define HAVE_LIBDL 1
| /* end confdefs.h.  */
| 
| 
| int
| main ()
| {
| return main ();
|   ;
|   return 0;
| }
configure:4402: result: no
configure:4414: checking for main in -lm
configure:4443: gcc -o conftest -g -O2   conftest.c -lm  -ldl  >&5
configure:4449: $? = 0
configure:4467: result: yes
configure:4479: checking for main in -ltermcap
configure:4508: gcc -o conftest -g -O2   conftest.c -ltermcap  -lm -ldl  >&5
/usr/bin/ld: cannot find -ltermcap
collect2: ld returned 1 exit status
configure:4514: $? = 1
configure: failed program was:
| /* confdefs.h.  */
| #define PACKAGE_NAME ""
| #define PACKAGE_TARNAME ""
| #define PACKAGE_VERSION ""
| #define PACKAGE_STRING ""
| #define PACKAGE_BUGREPORT ""
| #define PACKAGE "adl"
| #define VERSION "0.5"
| #define HAVE_LIBDL 1
| #define HAVE_LIBM 1
| /* end confdefs.h.  */
| 
| 
| int
| main ()
| {
| return main ();
|   ;
|   return 0;
| }
configure:4532: result: no
configure:4552: checking for dirent.h that defines DIR
configure:4581: gcc -c -g -O2  conftest.c >&5
configure:4587: $? = 0
configure:4603: result: yes
configure:4616: checking for library containing opendir
configure:4657: gcc -o conftest -g -O2   conftest.c -lm -ldl  >&5
configure:4663: $? = 0
configure:4691: result: none required
configure:4786: checking for grep that handles long lines and -e
configure:4860: result: /bin/grep
configure:4865: checking for egrep
configure:4943: result: /bin/grep -E
configure:4948: checking for ANSI C header files
configure:4978: gcc -c -g -O2  conftest.c >&5
configure:4984: $? = 0
configure:5083: gcc -o conftest -g -O2   conftest.c -lm -ldl  >&5
configure:5086: $? = 0
configure:5092: ./conftest
configure:5095: $? = 0
configure:5112: result: yes
configure:5136: checking for sys/types.h
configure:5157: gcc -c -g -O2  conftest.c >&5
configure:5163: $? = 0
configure:5179: result: yes
configure:5136: checking for sys/stat.h
configure:5157: gcc -c -g -O2  conftest.c >&5
configure:5163: $? = 0
configure:5179: result: yes
configure:5136: checking for stdlib.h
configure:5157: gcc -c -g -O2  conftest.c >&5
configure:5163: $? = 0
configure:5179: result: yes
configure:5136: checking for string.h
configure:5157: gcc -c -g -O2  conftest.c >&5
configure:5163: $? = 0
configure:5179: result: yes
configure:5136: checking for memory.h
configure:5157: gcc -c -g -O2  conftest.c >&5
configure:5163: $? = 0
configure:5179: result: yes
configure:5136: checking for strings.h
configure:5157: gcc -c -g -O2  conftest.c >&5
configure:5163: $? = 0
configure:5179: result: yes
configure:5136: checking for inttypes.h
configure:5157: gcc -c -g -O2  conftest.c >&5
configure:5163: $? = 0
configure:5179: result: yes
configure:5136: checking for stdint.h
configure:5157: gcc -c -g -O2  conftest.c >&5
configure:5163: $? = 0
configure:5179: result: yes
configure:5136: checking for unistd.h
configure:5157: gcc -c -g -O2  conftest.c >&5
configure:5163: $? = 0
configure:5179: result: yes
configure:5215: checking fcntl.h usability
configure:5232: gcc -c -g -O2  conftest.c >&5
configure:5238: $? = 0
configure:5252: result: yes
configure:5256: checking fcntl.h presence
configure:5271: gcc -E  conftest.c
configure:5277: $? = 0
configure:5291: result: yes
configure:5319: checking for fcntl.h
configure:5327: result: yes
configure:5215: checking limits.h usability
configure:5232: gcc -c -g -O2  conftest.c >&5
configure:5238: $? = 0
configure:5252: result: yes
configure:5256: checking limits.h presence
configure:5271: gcc -E  conftest.c
configure:5277: $? = 0
configure:5291: result: yes
configure:5319: checking for limits.h
configure:5327: result: yes
configure:5215: checking malloc.h usability
configure:5232: gcc -c -g -O2  conftest.c >&5
configure:5238: $? = 0
configure:5252: result: yes
configure:5256: checking malloc.h presence
configure:5271: gcc -E  conftest.c
configure:5277: $? = 0
configure:5291: result: yes
configure:5319: checking for malloc.h
configure:5327: result: yes
configure:5215: checking sgtty.h usability
configure:5232: gcc -c -g -O2  conftest.c >&5
configure:5238: $? = 0
configure:5252: result: yes
configure:5256: checking sgtty.h presence
configure:5271: gcc -E  conftest.c
configure:5277: $? = 0
configure:5291: result: yes
configure:5319: checking for sgtty.h
configure:5327: result: yes
configure:5205: checking for strings.h
configure:5211: result: yes
configure:5215: checking sys/file.h usability
configure:5232: gcc -c -g -O2  conftest.c >&5
configure:5238: $? = 0
configure:5252: result: yes
configure:5256: checking sys/file.h presence
configure:5271: gcc -E  conftest.c
configure:5277: $? = 0
configure:5291: result: yes
configure:5319: checking for sys/file.h
configure:5327: result: yes
configure:5215: checking sys/ioctl.h usability
configure:5232: gcc -c -g -O2  conftest.c >&5
configure:5238: $? = 0
configure:5252: result: yes
configure:5256: checking sys/ioctl.h presence
configure:5271: gcc -E  conftest.c
configure:5277: $? = 0
configure:5291: result: yes
configure:5319: checking for sys/ioctl.h
configure:5327: result: yes
configure:5215: checking sys/time.h usability
configure:5232: gcc -c -g -O2  conftest.c >&5
configure:5238: $? = 0
configure:5252: result: yes
configure:5256: checking sys/time.h presence
configure:5271: gcc -E  conftest.c
configure:5277: $? = 0
configure:5291: result: yes
configure:5319: checking for sys/time.h
configure:5327: result: yes
configure:5215: checking termio.h usability
configure:5232: gcc -c -g -O2  conftest.c >&5
configure:5238: $? = 0
configure:5252: result: yes
configure:5256: checking termio.h presence
configure:5271: gcc -E  conftest.c
configure:5277: $? = 0
configure:5291: result: yes
configure:5319: checking for termio.h
configure:5327: result: yes
configure:5205: checking for unistd.h
configure:5211: result: yes
configure:5341: checking for an ANSI C-conforming const
configure:5416: gcc -c -g -O2  conftest.c >&5
configure:5422: $? = 0
configure:5437: result: yes
configure:5447: checking for mode_t
configure:5477: gcc -c -g -O2  conftest.c >&5
configure:5483: $? = 0
configure:5498: result: yes
configure:5510: checking for size_t
configure:5540: gcc -c -g -O2  conftest.c >&5
configure:5546: $? = 0
configure:5561: result: yes
configure:5573: checking whether time.h and sys/time.h may both be included
configure:5603: gcc -c -g -O2  conftest.c >&5
configure:5609: $? = 0
configure:5624: result: yes
configure:5637: checking for working alloca.h
configure:5664: gcc -o conftest -g -O2   conftest.c -lm -ldl  >&5
configure:5670: $? = 0
configure:5687: result: yes
configure:5697: checking for alloca
configure:5744: gcc -o conftest -g -O2   conftest.c -lm -ldl  >&5
configure:5750: $? = 0
configure:5767: result: yes
configure:5995: checking whether gcc needs -traditional
configure:6037: result: no
configure:6044: checking for working memcmp
configure:6097: gcc -o conftest -g -O2   conftest.c -lm -ldl  >&5
configure:6100: $? = 0
configure:6106: ./conftest
configure:6109: $? = 0
configure:6125: result: yes
configure:6134: checking return type of signal handlers
configure:6162: gcc -c -g -O2  conftest.c >&5
conftest.c: In function 'main':
conftest.c:42: error: void value not ignored as it ought to be
configure:6168: $? = 1
configure: failed program was:
| /* confdefs.h.  */
| #define PACKAGE_NAME ""
| #define PACKAGE_TARNAME ""
| #define PACKAGE_VERSION ""
| #define PACKAGE_STRING ""
| #define PACKAGE_BUGREPORT ""
| #define PACKAGE "adl"
| #define VERSION "0.5"
| #define HAVE_LIBDL 1
| #define HAVE_LIBM 1
| #define HAVE_DIRENT_H 1
| #define STDC_HEADERS 1
| #define HAVE_SYS_TYPES_H 1
| #define HAVE_SYS_STAT_H 1
| #define HAVE_STDLIB_H 1
| #define HAVE_STRING_H 1
| #define HAVE_MEMORY_H 1
| #define HAVE_STRINGS_H 1
| #define HAVE_INTTYPES_H 1
| #define HAVE_STDINT_H 1
| #define HAVE_UNISTD_H 1
| #define HAVE_FCNTL_H 1
| #define HAVE_LIMITS_H 1
| #define HAVE_MALLOC_H 1
| #define HAVE_SGTTY_H 1
| #define HAVE_STRINGS_H 1
| #define HAVE_SYS_FILE_H 1
| #define HAVE_SYS_IOCTL_H 1
| #define HAVE_SYS_TIME_H 1
| #define HAVE_TERMIO_H 1
| #define HAVE_UNISTD_H 1
| #define TIME_WITH_SYS_TIME 1
| #define HAVE_ALLOCA_H 1
| #define HAVE_ALLOCA 1
| /* end confdefs.h.  */
| #include <sys/types.h>
| #include <signal.h>
| 
| int
| main ()
| {
| return *(signal (0, 0)) (0) == 1;
|   ;
|   return 0;
| }
configure:6183: result: void
configure:6191: checking for working strcoll
configure:6222: gcc -o conftest -g -O2   conftest.c -lm -ldl  >&5
configure:6225: $? = 0
configure:6231: ./conftest
configure:6234: $? = 0
configure:6250: result: yes
configure:6264: checking for vprintf
configure:6320: gcc -o conftest -g -O2   conftest.c -lm -ldl  >&5
conftest.c:61: warning: conflicting types for built-in function 'vprintf'
configure:6326: $? = 0
configure:6344: result: yes
configure:6351: checking for _doprnt
configure:6407: gcc -o conftest -g -O2   conftest.c -lm -ldl  >&5
/tmp/cciGysY5.o: In function `main':
/research/workspace/StreamMill/adl/conftest.c:73: undefined reference to `_doprnt'
collect2: ld returned 1 exit status
configure:6413: $? = 1
configure: failed program was:
| /* confdefs.h.  */
| #define PACKAGE_NAME ""
| #define PACKAGE_TARNAME ""
| #define PACKAGE_VERSION ""
| #define PACKAGE_STRING ""
| #define PACKAGE_BUGREPORT ""
| #define PACKAGE "adl"
| #define VERSION "0.5"
| #define HAVE_LIBDL 1
| #define HAVE_LIBM 1
| #define HAVE_DIRENT_H 1
| #define STDC_HEADERS 1
| #define HAVE_SYS_TYPES_H 1
| #define HAVE_SYS_STAT_H 1
| #define HAVE_STDLIB_H 1
| #define HAVE_STRING_H 1
| #define HAVE_MEMORY_H 1
| #define HAVE_STRINGS_H 1
| #define HAVE_INTTYPES_H 1
| #define HAVE_STDINT_H 1
| #define HAVE_UNISTD_H 1
| #define HAVE_FCNTL_H 1
| #define HAVE_LIMITS_H 1
| #define HAVE_MALLOC_H 1
| #define HAVE_SGTTY_H 1
| #define HAVE_STRINGS_H 1
| #define HAVE_SYS_FILE_H 1
| #define HAVE_SYS_IOCTL_H 1
| #define HAVE_SYS_TIME_H 1
| #define HAVE_TERMIO_H 1
| #define HAVE_UNISTD_H 1
| #define TIME_WITH_SYS_TIME 1
| #define HAVE_ALLOCA_H 1
| #define HAVE_ALLOCA 1
| #define RETSIGTYPE void
| #define HAVE_STRCOLL 1
| #define HAVE_VPRINTF 1
| /* end confdefs.h.  */
| /* Define _doprnt to an innocuous variant, in case <limits.h> declares _doprnt.
|    For example, HP-UX 11i <limits.h> declares gettimeofday.  */
| #define _doprnt innocuous__doprnt
| 
| /* System header to define __stub macros and hopefully few prototypes,
|     which can conflict with char _doprnt (); below.
|     Prefer <limits.h> to <assert.h> if __STDC__ is defined, since
|     <limits.h> exists even on freestanding compilers.  */
| 
| #ifdef __STDC__
| # include <limits.h>
| #else
| # include <assert.h>
| #endif
| 
| #undef _doprnt
| 
| /* Override any GCC internal prototype to avoid an error.
|    Use char because int might match the return type of a GCC
|    builtin and then its argument prototype would still apply.  */
| #ifdef __cplusplus
| extern "C"
| #endif
| char _doprnt ();
| /* The GNU C library defines this for functions which it implements
|     to always fail with ENOSYS.  Some functions are actually named
|     something starting with __ and the normal name is an alias.  */
| #if defined __stub__doprnt || defined __stub____doprnt
| choke me
| #endif
| 
| int
| main ()
| {
| return _doprnt ();
|   ;
|   return 0;
| }
configure:6430: result: no
configure:6454: checking for gettimeofday
configure:6510: gcc -o conftest -g -O2   conftest.c -lm -ldl  >&5
configure:6516: $? = 0
configure:6534: result: yes
configure:6454: checking for getwd
configure:6510: gcc -o conftest -g -O2   conftest.c -lm -ldl  >&5
/tmp/cc0kUklW.o: In function `main':
/research/workspace/StreamMill/adl/conftest.c:74: warning: the `getwd' function is dangerous and should not be used.
configure:6516: $? = 0
configure:6534: result: yes
configure:6454: checking for mkdir
configure:6510: gcc -o conftest -g -O2   conftest.c -lm -ldl  >&5
configure:6516: $? = 0
configure:6534: result: yes
configure:6454: checking for putenv
configure:6510: gcc -o conftest -g -O2   conftest.c -lm -ldl  >&5
configure:6516: $? = 0
configure:6534: result: yes
configure:6454: checking for rmdir
configure:6510: gcc -o conftest -g -O2   conftest.c -lm -ldl  >&5
configure:6516: $? = 0
configure:6534: result: yes
configure:6454: checking for select
configure:6510: gcc -o conftest -g -O2   conftest.c -lm -ldl  >&5
configure:6516: $? = 0
configure:6534: result: yes
configure:6454: checking for unlink
configure:6510: gcc -o conftest -g -O2   conftest.c -lm -ldl  >&5
configure:6516: $? = 0
configure:6534: result: yes
configure:6689: creating ./config.status

## ---------------------- ##
## Running config.status. ##
## ---------------------- ##

This file was extended by config.status, which was
generated by GNU Autoconf 2.61.  Invocation command line was

  CONFIG_FILES    = 
  CONFIG_HEADERS  = 
  CONFIG_LINKS    = 
  CONFIG_COMMANDS = 
  $ ./config.status 

on training-vm

config.status:651: creating dbug/Makefile
config.status:651: creating sql/Makefile
config.status:651: creating test/Makefile
config.status:651: creating im_db/Makefile
config.status:651: creating rtree/Makefile
config.status:651: creating Makefile
config.status:651: creating config.h
config.status:904: config.h is unchanged
config.status:951: executing depfiles commands

## ---------------- ##
## Cache variables. ##
## ---------------- ##

ac_cv_c_compiler_gnu=yes
ac_cv_c_const=yes
ac_cv_cxx_compiler_gnu=yes
ac_cv_env_CCC_set=
ac_cv_env_CCC_value=
ac_cv_env_CC_set=
ac_cv_env_CC_value=
ac_cv_env_CFLAGS_set=
ac_cv_env_CFLAGS_value=
ac_cv_env_CPPFLAGS_set=
ac_cv_env_CPPFLAGS_value=
ac_cv_env_CPP_set=
ac_cv_env_CPP_value=
ac_cv_env_CXXFLAGS_set=
ac_cv_env_CXXFLAGS_value=
ac_cv_env_CXX_set=
ac_cv_env_CXX_value=
ac_cv_env_LDFLAGS_set=
ac_cv_env_LDFLAGS_value=
ac_cv_env_LIBS_set=
ac_cv_env_LIBS_value=
ac_cv_env_YACC_set=
ac_cv_env_YACC_value=
ac_cv_env_YFLAGS_set=
ac_cv_env_YFLAGS_value=
ac_cv_env_build_alias_set=
ac_cv_env_build_alias_value=
ac_cv_env_host_alias_set=
ac_cv_env_host_alias_value=
ac_cv_env_target_alias_set=
ac_cv_env_target_alias_value=
ac_cv_func__doprnt=no
ac_cv_func_alloca_works=yes
ac_cv_func_gettimeofday=yes
ac_cv_func_getwd=yes
ac_cv_func_memcmp_working=yes
ac_cv_func_mkdir=yes
ac_cv_func_putenv=yes
ac_cv_func_rmdir=yes
ac_cv_func_select=yes
ac_cv_func_strcoll_works=yes
ac_cv_func_unlink=yes
ac_cv_func_vprintf=yes
ac_cv_header_dirent_dirent_h=yes
ac_cv_header_fcntl_h=yes
ac_cv_header_inttypes_h=yes
ac_cv_header_limits_h=yes
ac_cv_header_malloc_h=yes
ac_cv_header_memory_h=yes
ac_cv_header_sgtty_h=yes
ac_cv_header_stdc=yes
ac_cv_header_stdint_h=yes
ac_cv_header_stdlib_h=yes
ac_cv_header_string_h=yes
ac_cv_header_strings_h=yes
ac_cv_header_sys_file_h=yes
ac_cv_header_sys_ioctl_h=yes
ac_cv_header_sys_stat_h=yes
ac_cv_header_sys_time_h=yes
ac_cv_header_sys_types_h=yes
ac_cv_header_termio_h=yes
ac_cv_header_time=yes
ac_cv_header_unistd_h=yes
ac_cv_lib_dl_dlopen=yes
ac_cv_lib_history_main=no
ac_cv_lib_m_main=yes
ac_cv_lib_termcap_main=no
ac_cv_objext=o
ac_cv_path_EGREP='/bin/grep -E'
ac_cv_path_GREP=/bin/grep
ac_cv_path_install='/usr/bin/install -c'
ac_cv_path_mkdir=/bin/mkdir
ac_cv_prog_AWK=mawk
ac_cv_prog_CPP='gcc -E'
ac_cv_prog_YACC='bison -y'
ac_cv_prog_ac_ct_CC=gcc
ac_cv_prog_ac_ct_CXX=g++
ac_cv_prog_ac_ct_RANLIB=ranlib
ac_cv_prog_cc_c89=
ac_cv_prog_cc_g=yes
ac_cv_prog_cxx_g=yes
ac_cv_prog_gcc_traditional=no
ac_cv_prog_make_make_set=yes
ac_cv_search_opendir='none required'
ac_cv_type_mode_t=yes
ac_cv_type_signal=void
ac_cv_type_size_t=yes
ac_cv_working_alloca_h=yes
am_cv_CC_dependencies_compiler_type=gcc3
am_cv_CXX_dependencies_compiler_type=gcc3

## ----------------- ##
## Output variables. ##
## ----------------- ##

ACLOCAL='aclocal-1.10'
ALLOCA=''
AMDEPBACKSLASH='\'
AMDEP_FALSE='#'
AMDEP_TRUE=''
AMTAR='tar'
AUTOCONF='autoconf'
AUTOHEADER='autoheader'
AUTOMAKE='automake-1.10'
AWK='mawk'
CC='gcc'
CCDEPMODE='depmode=gcc3'
CFLAGS='-g -O2'
CPP='gcc -E'
CPPFLAGS=''
CXX='g++'
CXXDEPMODE='depmode=gcc3'
CXXFLAGS='-g -O2'
CYGPATH_W='echo'
DEFS='-DHAVE_CONFIG_H'
DEPDIR='.deps'
ECHO_C=''
ECHO_N='-n'
ECHO_T=''
EGREP='/bin/grep -E'
EXEEXT=''
GREP='/bin/grep'
INSTALL_DATA='${INSTALL} -m 644'
INSTALL_PROGRAM='${INSTALL}'
INSTALL_SCRIPT='${INSTALL}'
INSTALL_STRIP_PROGRAM='$(install_sh) -c -s'
LDFLAGS=''
LIBOBJS=''
LIBS='-lm -ldl '
LN_S='ln -s'
LTLIBOBJS=''
MAKEINFO='makeinfo'
OBJEXT='o'
PACKAGE='adl'
PACKAGE_BUGREPORT=''
PACKAGE_NAME=''
PACKAGE_STRING=''
PACKAGE_TARNAME=''
PACKAGE_VERSION=''
PATH_SEPARATOR=':'
RANLIB='ranlib'
SET_MAKE=''
SHELL='/bin/sh'
STRIP=''
VERSION='0.5'
YACC='bison -y'
YFLAGS=''
ac_ct_CC='gcc'
ac_ct_CXX='g++'
am__fastdepCC_FALSE='#'
am__fastdepCC_TRUE=''
am__fastdepCXX_FALSE='#'
am__fastdepCXX_TRUE=''
am__include='include'
am__isrc=''
am__leading_dot='.'
am__quote=''
am__tar='${AMTAR} chof - "$$tardir"'
am__untar='${AMTAR} xf -'
bindir='${exec_prefix}/bin'
build_alias=''
datadir='${datarootdir}'
datarootdir='${prefix}/share'
docdir='${datarootdir}/doc/${PACKAGE}'
dvidir='${docdir}'
exec_prefix='${prefix}'
host_alias=''
htmldir='${docdir}'
includedir='${prefix}/include'
infodir='${datarootdir}/info'
install_sh='$(SHELL) /research/workspace/StreamMill/adl/install-sh'
libdir='${exec_prefix}/lib'
libexecdir='${exec_prefix}/libexec'
localedir='${datarootdir}/locale'
localstatedir='${prefix}/var'
mandir='${datarootdir}/man'
mkdir_p='/bin/mkdir -p'
oldincludedir='/usr/include'
pdfdir='${docdir}'
prefix='/home/training/SMMBinary'
program_transform_name='s,x,x,'
psdir='${docdir}'
sbindir='${exec_prefix}/sbin'
sharedstatedir='${prefix}/com'
sysconfdir='${prefix}/etc'
target_alias=''

## ----------- ##
## confdefs.h. ##
## ----------- ##

#define PACKAGE_NAME ""
#define PACKAGE_TARNAME ""
#define PACKAGE_VERSION ""
#define PACKAGE_STRING ""
#define PACKAGE_BUGREPORT ""
#define PACKAGE "adl"
#define VERSION "0.5"
#define HAVE_LIBDL 1
#define HAVE_LIBM 1
#define HAVE_DIRENT_H 1
#define STDC_HEADERS 1
#define HAVE_SYS_TYPES_H 1
#define HAVE_SYS_STAT_H 1
#define HAVE_STDLIB_H 1
#define HAVE_STRING_H 1
#define HAVE_MEMORY_H 1
#define HAVE_STRINGS_H 1
#define HAVE_INTTYPES_H 1
#define HAVE_STDINT_H 1
#define HAVE_UNISTD_H 1
#define HAVE_FCNTL_H 1
#define HAVE_LIMITS_H 1
#define HAVE_MALLOC_H 1
#define HAVE_SGTTY_H 1
#define HAVE_STRINGS_H 1
#define HAVE_SYS_FILE_H 1
#define HAVE_SYS_IOCTL_H 1
#define HAVE_SYS_TIME_H 1
#define HAVE_TERMIO_H 1
#define HAVE_UNISTD_H 1
#define TIME_WITH_SYS_TIME 1
#define HAVE_ALLOCA_H 1
#define HAVE_ALLOCA 1
#define RETSIGTYPE void
#define HAVE_STRCOLL 1
#define HAVE_VPRINTF 1
#define HAVE_GETTIMEOFDAY 1
#define HAVE_GETWD 1
#define HAVE_MKDIR 1
#define HAVE_PUTENV 1
#define HAVE_RMDIR 1
#define HAVE_SELECT 1
#define HAVE_UNLINK 1
#define DBUG_OFF 1

configure: exit 0

## ---------------------- ##
## Running config.status. ##
## ---------------------- ##

This file was extended by config.status, which was
generated by GNU Autoconf 2.61.  Invocation command line was

  CONFIG_FILES    = 
  CONFIG_HEADERS  = 
  CONFIG_LINKS    = 
  CONFIG_COMMANDS = 
  $ ./config.status dbug/Makefile depfiles

on training-vm

config.status:651: creating dbug/Makefile
config.status:951: executing depfiles commands

## ---------------------- ##
## Running config.status. ##
## ---------------------- ##

This file was extended by config.status, which was
generated by GNU Autoconf 2.61.  Invocation command line was

  CONFIG_FILES    = 
  CONFIG_HEADERS  = 
  CONFIG_LINKS    = 
  CONFIG_COMMANDS = 
  $ ./config.status rtree/Makefile depfiles

on training-vm

config.status:651: creating rtree/Makefile
config.status:951: executing depfiles commands

## ---------------------- ##
## Running config.status. ##
## ---------------------- ##

This file was extended by config.status, which was
generated by GNU Autoconf 2.61.  Invocation command line was

  CONFIG_FILES    = 
  CONFIG_HEADERS  = 
  CONFIG_LINKS    = 
  CONFIG_COMMANDS = 
  $ ./config.status Makefile

on training-vm

config.status:651: creating Makefile
